WARNING:__main__:No content extracted from https://facebook.com/101projekt/upcoming_hosted_events
WARNING:__main__:Login prompt popup not found
WARNING:__main__:No content extracted from https://facebook.com/profile.php?id=100063672845368/upcoming_hosted_events
WARNING:__main__:No content extracted from https://facebook.com/fundacjagaleriaautonomia/upcoming_hosted_events
WARNING:__main__:No content extracted from https://facebook.com/AvantArtFestival/upcoming_hosted_events
WARNING:__main__:No content extracted from https://facebook.com/BWAWarszawa/upcoming_hosted_events
WARNING:__main__:No content extracted from https://facebook.com/BibliotekaUniwersyteckawWarszawie/upcoming_hosted_events
WARNING:__main__:Login prompt popup not found
WARNING:__main__:No content extracted from https://facebook.com/BielanskiOsrodekKultury/upcoming_hosted_events
WARNING:__main__:No content extracted from https://facebook.com/brainembassy/upcoming_hosted_events
WARNING:__main__:No content extracted from https://facebook.com/BritishPolishInvestmentAlliance/upcoming_hosted_events
WARNING:__main__:No content extracted from https://facebook.com/GPW.WSE/upcoming_hosted_events
WARNING:__main__:No content extracted from https://facebook.com/kkn.ipsir.uw/upcoming_hosted_events
WARNING:__main__:No content extracted from https://facebook.com/CentralnyDomTechnologii/upcoming_hosted_events
WARNING:__main__:No content extracted from https://facebook.com/CentrumBadanKosmicznychPAN/upcoming_hosted_events
WARNING:__main__:Login prompt popup not found
WARNING:__main__:No content extracted from https://facebook.com/profile.php?id=100090393020429/upcoming_hosted_events
WARNING:__main__:No content extracted from https://facebook.com/DESAUnicumWarszawa/upcoming_hosted_events
WARNING:__main__:No content extracted from https://facebook.com/GaleriaStalowa/upcoming_hosted_events
WARNING:__main__:No content extracted from https://facebook.com/galeriastudiowarszawa/upcoming_hosted_events
WARNING:__main__:Login prompt popup not found
WARNING:__main__:No content extracted from https://facebook.com/profile.php?id=100031013844558/upcoming_hosted_events
WARNING:__main__:No content extracted from https://facebook.com/Go2Warsaw/upcoming_hosted_events
WARNING:__main__:No content extracted from https://facebook.com/herdocs/upcoming_hosted_events
WARNING:__main__:No content extracted from https://facebook.com/coming.out.kolektyw/upcoming_hosted_events
WARNING:__main__:No content extracted from https://facebook.com/KulturaWysoka/upcoming_hosted_events
WARNING:__main__:No content extracted from https://facebook.com/ladowmiescie/upcoming_hosted_events
WARNING:__main__:No content extracted from https://facebook.com/WarszawaMinska65/upcoming_hosted_events
WARNING:__main__:Login prompt popup not found
WARNING:__main__:No content extracted from https://facebook.com/MuzeumPolskiejWodki/upcoming_hosted_events
WARNING:__main__:No content extracted from https://facebook.com/zabytek/upcoming_hosted_events
WARNING:__main__:Login prompt popup not found
WARNING:__main__:No content extracted from https://facebook.com/profile.php?id=100069819969917/upcoming_hosted_events
WARNING:__main__:Login prompt popup not found
WARNING:__main__:No content extracted from https://facebook.com/profile.php?id=100086210697986/upcoming_hosted_events
WARNING:__main__:No content extracted from https://facebook.com/PanstwowyInstytutMedycznyMSWiA/upcoming_hosted_events
WARNING:__main__:No content extracted from https://facebook.com/outrid3rs/upcoming_hosted_events
WARNING:__main__:No content extracted from https://facebook.com/PolskaAkademiaNauk/upcoming_hosted_events
WARNING:__main__:No content extracted from https://facebook.com/fPFPK/upcoming_hosted_events
WARNING:__main__:Login prompt popup not found
WARNING:__main__:No content extracted from https://facebook.com/profile.php?id=100069967270164/upcoming_hosted_events
WARNING:__main__:No content extracted from https://facebook.com/OWPTF/upcoming_hosted_events
WARNING:__main__:No content extracted from https://facebook.com/polswissart/upcoming_hosted_events
WARNING:__main__:No content extracted from https://facebook.com/poznaj.prage/upcoming_hosted_events
WARNING:__main__:No content extracted from https://facebook.com/warsawexpo/upcoming_hosted_events
WARNING:__main__:No content extracted from https://facebook.com/razjebpl/upcoming_hosted_events
WARNING:__main__:Login prompt popup not found
WARNING:__main__:No content extracted from https://facebook.com/profile.php?id=100052679718392/upcoming_hosted_events
WARNING:__main__:Login prompt popup not found
WARNING:__main__:No content extracted from https://facebook.com/profile.php?id=100057671671957/upcoming_hosted_events
WARNING:__main__:No content extracted from https://facebook.com/ToTuart.gallery/upcoming_hosted_events
WARNING:__main__:No content extracted from https://facebook.com/MeritoWarszawa/upcoming_hosted_events
WARNING:__main__:No content extracted from https://facebook.com/fanpageUW/upcoming_hosted_events
WARNING:__main__:No content extracted from https://facebook.com/GaleriaV9/upcoming_hosted_events
WARNING:__main__:No content extracted from https://facebook.com/WarsawPreview/upcoming_hosted_events
WARNING:__main__:No content extracted from https://facebook.com/fizykaUW/upcoming_hosted_events
WARNING:__main__:No content extracted from https://facebook.com/wydzialMIMUW/upcoming_hosted_events
WARNING:__main__:No content extracted from https://facebook.com/wnpism/upcoming_hosted_events
WARNING:__main__:No content extracted from https://facebook.com/WydzialPsychologiiUW/upcoming_hosted_events
WARNING:__main__:No content extracted from https://facebook.com/galeriaxanadu/upcoming_hosted_events
WARNING:__main__:No content extracted from https://facebook.com/openartms/upcoming_hosted_events
